2025-04-04 13:48:30,710 [INFO] - __main__ -            main:311 - ===== Запуск парсера OLX =====
2025-04-04 13:48:30,710 [INFO] - __main__ - get_all_olx_urls:124 - Пошук загальної кількості сторінок, починаючи з: https://www.olx.ua/uk/nedvizhimost/kvartiry/dolgosrochnaya-arenda-kvartir/kiev/?currency=UAH&search%5Bfilter_float_total_area:to%5D=60&search%5Bfilter_enum_furnish%5D%5B0%5D=yes&search%5Bfilter_enum_number_of_rooms_string%5D%5B0%5D=dvuhkomnatnye
2025-04-04 13:48:32,658 [INFO] - __main__ -        get_html:79 - Успішно отримано HTML з https://www.olx.ua/uk/nedvizhimost/kvartiry/dolgosrochnaya-arenda-kvartir/kiev/?currency=UAH&search%5Bfilter_float_total_area:to%5D=60&search%5Bfilter_enum_furnish%5D%5B0%5D=yes&search%5Bfilter_enum_number_of_rooms_string%5D%5B0%5D=dvuhkomnatnye
2025-04-04 13:48:32,862 [INFO] - __main__ - get_all_olx_urls:142 - Знайдено номер останньої сторінки: 25
2025-04-04 13:48:32,862 [INFO] - __main__ - get_all_olx_urls:168 - Генерація URL для 25 сторінок...
2025-04-04 13:48:32,862 [INFO] - __main__ - get_all_olx_urls:170 - Успішно згенеровано 25 URL.
2025-04-04 13:48:32,864 [INFO] - __main__ -            main:320 - Буде оброблено 25 сторінок.
2025-04-04 13:48:32,874 [INFO] - __main__ -            main:324 - Знайдено 1069 існуючих посилань у CSV.
2025-04-04 13:48:32,874 [INFO] - __main__ - scrape_ads_from_page:177 - Парсинг сторінки: https://www.olx.ua/uk/nedvizhimost/kvartiry/dolgosrochnaya-arenda-kvartir/kiev/?currency=UAH&search%5Bfilter_float_total_area:to%5D=60&search%5Bfilter_enum_furnish%5D%5B0%5D=yes&search%5Bfilter_enum_number_of_rooms_string%5D%5B0%5D=dvuhkomnatnye
2025-04-04 13:48:36,000 [INFO] - __main__ -        get_html:79 - Успішно отримано HTML з https://www.olx.ua/uk/nedvizhimost/kvartiry/dolgosrochnaya-arenda-kvartir/kiev/?currency=UAH&search%5Bfilter_float_total_area:to%5D=60&search%5Bfilter_enum_furnish%5D%5B0%5D=yes&search%5Bfilter_enum_number_of_rooms_string%5D%5B0%5D=dvuhkomnatnye
2025-04-04 13:48:36,157 [DEBUG] - __main__ - scrape_ads_from_page:222 - Замінено 'Сьогодні' на '04 квітня 2025 р.' для оголошення 'Здам в оренду 2-кім. квартиру на Подолі, адреса: вул. Почайнинська 44.'
2025-04-04 13:48:36,159 [DEBUG] - __main__ - scrape_ads_from_page:222 - Замінено 'Сьогодні' на '04 квітня 2025 р.' для оголошення 'Без% Оренда 2к квартири 50м2 ЖК Chicago вул. Антоновича 44'
2025-04-04 13:48:36,160 [DEBUG] - __main__ - scrape_ads_from_page:222 - Замінено 'Сьогодні' на '04 квітня 2025 р.' для оголошення 'Затишна повністю нова 2к Велика Васильківська м Палац Україна 2 хв'
2025-04-04 13:48:36,160 [DEBUG] - __main__ - scrape_ads_from_page:222 - Замінено 'Сьогодні' на '04 квітня 2025 р.' для оголошення 'Оренда 2к квартири ЖК Севен метро Осокорки Позняки Дарницький'
2025-04-04 13:48:36,163 [DEBUG] - __main__ - scrape_ads_from_page:222 - Замінено 'Сьогодні' на '04 квітня 2025 р.' для оголошення 'Сдам свою 2-ком.кв, на Троещине. Хозяин. Без комиссии!!!'
2025-04-04 13:48:36,164 [DEBUG] - __main__ - scrape_ads_from_page:222 - Замінено 'Сьогодні' на '04 квітня 2025 р.' для оголошення 'Здам дуже затишну 2к квартиру Святошинський Героїв Космосу Гната Юри'
2025-04-04 13:48:36,165 [DEBUG] - __main__ - scrape_ads_from_page:222 - Замінено 'Сьогодні' на '04 квітня 2025 р.' для оголошення 'Оренда 2 квартира  Позняки Дарницький'
2025-04-04 13:48:36,166 [DEBUG] - __main__ - scrape_ads_from_page:222 - Замінено 'Сьогодні' на '04 квітня 2025 р.' для оголошення 'Сдам квартиру власник'
2025-04-04 13:48:36,167 [DEBUG] - __main__ - scrape_ads_from_page:222 - Замінено 'Сьогодні' на '04 квітня 2025 р.' для оголошення 'охайна 2-х кімнатна квартира біля метро Звівринецька'
2025-04-04 13:48:36,167 [DEBUG] - __main__ - scrape_ads_from_page:222 - Замінено 'Сьогодні' на '04 квітня 2025 р.' для оголошення 'Оренда квартири ЖК  Uno City House Дорогожичі без комісії'
2025-04-04 13:48:36,167 [DEBUG] - __main__ - scrape_ads_from_page:222 - Замінено 'Сьогодні' на '04 квітня 2025 р.' для оголошення 'Перша здача‼️Квартира в Престиж хол‼️Дизайнерський ремонт.'
2025-04-04 13:48:36,168 [DEBUG] - __main__ - scrape_ads_from_page:222 - Замінено 'Сьогодні' на '04 квітня 2025 р.' для оголошення '2к квартира Оренда Січових Стрільців Шевченківський Золоті Ворота'
2025-04-04 13:48:36,168 [DEBUG] - __main__ - scrape_ads_from_page:222 - Замінено 'Сьогодні' на '04 квітня 2025 р.' для оголошення 'Пропонується  2 к. квартира на Нивках.'
2025-04-04 13:48:36,169 [DEBUG] - __main__ - scrape_ads_from_page:222 - Замінено 'Сьогодні' на '04 квітня 2025 р.' для оголошення 'Здам світлу 2-х кімнатну квартиру в ЖК 4 Сезона'
2025-04-04 13:48:36,170 [DEBUG] - __main__ - scrape_ads_from_page:222 - Замінено 'Сьогодні' на '04 квітня 2025 р.' для оголошення '2х кімн. Вул.Василенка 13. 7700грн. На півроку.'
2025-04-04 13:48:36,170 [DEBUG] - __main__ - scrape_ads_from_page:222 - Замінено 'Сьогодні' на '04 квітня 2025 р.' для оголошення 'Оренда 3-к. квартири Печерськ'
2025-04-04 13:48:36,173 [DEBUG] - __main__ - scrape_ads_from_page:222 - Замінено 'Сьогодні' на '04 квітня 2025 р.' для оголошення '14999 2-а+ паркомісце + комунальні в ціні м. Нивки Ціну знижено!'
2025-04-04 13:48:36,174 [DEBUG] - __main__ - scrape_ads_from_page:222 - Замінено 'Сьогодні' на '04 квітня 2025 р.' для оголошення 'Аренда 2К квартиры ул Севастопольская Дарницкий р-н'
2025-04-04 13:48:36,174 [DEBUG] - __main__ - scrape_ads_from_page:222 - Замінено 'Сьогодні' на '04 квітня 2025 р.' для оголошення 'Здам затишну 2к  квартиру Святошин Героїв Космосу Жмеринська'
2025-04-04 13:48:36,174 [DEBUG] - __main__ - scrape_ads_from_page:222 - Замінено 'Сьогодні' на '04 квітня 2025 р.' для оголошення 'Оренда 2х кімнатноії квартири від власника (Троєщина) вул. Радунська'
2025-04-04 13:48:36,175 [DEBUG] - __main__ - scrape_ads_from_page:222 - Замінено 'Сьогодні' на '04 квітня 2025 р.' для оголошення 'Здам 2к квартиру Шевченківський Довженка 4а Берестейський м.Шулявська'
2025-04-04 13:48:36,175 [DEBUG] - __main__ - scrape_ads_from_page:222 - Замінено 'Сьогодні' на '04 квітня 2025 р.' для оголошення 'Без комиссии. Квартира в ЖК бизнес класса, рядом с метро Палац Украина'
2025-04-04 13:48:36,176 [DEBUG] - __main__ - scrape_ads_from_page:222 - Замінено 'Сьогодні' на '04 квітня 2025 р.' для оголошення 'ЖК "Central Park" видовий апартамент з ексклюзивним дизайном'
2025-04-04 13:48:36,177 [DEBUG] - __main__ - scrape_ads_from_page:222 - Замінено 'Сьогодні' на '04 квітня 2025 р.' для оголошення 'Оренда стильної євродвушки, ЖК А52, Січових Стрільців, 44А, 6 поверх'
2025-04-04 13:48:36,178 [DEBUG] - __main__ - scrape_ads_from_page:222 - Замінено 'Сьогодні' на '04 квітня 2025 р.' для оголошення 'Охматдет, метро КПИ, своя, 2комн.'
2025-04-04 13:48:36,179 [DEBUG] - __main__ - scrape_ads_from_page:222 - Замінено 'Сьогодні' на '04 квітня 2025 р.' для оголошення 'Сдам 2 комнатная квартира ул.Петра Сагайдачного 16Б м.Почтовая площадь'
2025-04-04 13:48:36,179 [DEBUG] - __main__ - scrape_ads_from_page:222 - Замінено 'Сьогодні' на '04 квітня 2025 р.' для оголошення 'Оренда 2 кімнатної квартири Олександра Кониського (ТЦ Україна)'
2025-04-04 13:48:36,180 [DEBUG] - __main__ - scrape_ads_from_page:222 - Замінено 'Сьогодні' на '04 квітня 2025 р.' для оголошення 'Оренда квартири 55 м, Юніт Хоум. Unit Home'
2025-04-04 13:48:36,180 [DEBUG] - __main__ - scrape_ads_from_page:222 - Замінено 'Сьогодні' на '04 квітня 2025 р.' для оголошення '25% комісія здам 2 кім. кв. вул. Печенізька 4 ,Татарка'
2025-04-04 13:48:36,181 [INFO] - __main__ - scrape_ads_from_page:257 - Знайдено 50 оголошень на сторінці.
2025-04-04 13:48:36,182 [INFO] - __main__ -           delay:69 - Затримка на 7.13 секунд...
2025-04-04 13:48:43,317 [INFO] - __main__ - scrape_ads_from_page:177 - Парсинг сторінки: https://www.olx.ua/uk/nedvizhimost/kvartiry/dolgosrochnaya-arenda-kvartir/kiev/?currency=UAH&search%5Bfilter_float_total_area:to%5D=60&search%5Bfilter_enum_furnish%5D%5B0%5D=yes&search%5Bfilter_enum_number_of_rooms_string%5D%5B0%5D=dvuhkomnatnye&page=2
2025-04-04 13:48:45,250 [INFO] - __main__ -        get_html:79 - Успішно отримано HTML з https://www.olx.ua/uk/nedvizhimost/kvartiry/dolgosrochnaya-arenda-kvartir/kiev/?currency=UAH&search%5Bfilter_float_total_area:to%5D=60&search%5Bfilter_enum_furnish%5D%5B0%5D=yes&search%5Bfilter_enum_number_of_rooms_string%5D%5B0%5D=dvuhkomnatnye&page=2
2025-04-04 13:48:45,397 [DEBUG] - __main__ - scrape_ads_from_page:222 - Замінено 'Сьогодні' на '04 квітня 2025 р.' для оголошення 'Оренда 2-кім, вул . Гарматна 33/1 метро Шулявська'
2025-04-04 13:48:45,398 [DEBUG] - __main__ - scrape_ads_from_page:222 - Замінено 'Сьогодні' на '04 квітня 2025 р.' для оголошення 'Оренда 2-к квартири на вул. Лятошинського 2'
2025-04-04 13:48:45,399 [DEBUG] - __main__ - scrape_ads_from_page:222 - Замінено 'Сьогодні' на '04 квітня 2025 р.' для оголошення 'Здам в оренду 2-кім. квартиру на Подолі, адреса: вул. Почайнинська 44.'
2025-04-04 13:48:45,399 [DEBUG] - __main__ - scrape_ads_from_page:222 - Замінено 'Сьогодні' на '04 квітня 2025 р.' для оголошення 'Аренда квартиры, ЖК Французький квартал 2, Предславинская'
2025-04-04 13:48:45,400 [DEBUG] - __main__ - scrape_ads_from_page:222 - Замінено 'Сьогодні' на '04 квітня 2025 р.' для оголошення 'Оренда 2-кім квартири вул. Калинова'
2025-04-04 13:48:45,401 [DEBUG] - __main__ - scrape_ads_from_page:222 - Замінено 'Сьогодні' на '04 квітня 2025 р.' для оголошення 'Здам 2кім вул. Метробудівська 7 м. Берестейська 15-20хв м КПІ'
2025-04-04 13:48:45,401 [DEBUG] - __main__ - scrape_ads_from_page:222 - Замінено 'Сьогодні' на '04 квітня 2025 р.' для оголошення 'Здаю двокімнатну квартиру в м. Київ вул Кубанської України'
2025-04-04 13:48:45,402 [DEBUG] - __main__ - scrape_ads_from_page:222 - Замінено 'Сьогодні' на '04 квітня 2025 р.' для оголошення 'Здам 2к по Архіпенка 10А, до метро 10хв.'
2025-04-04 13:48:45,403 [DEBUG] - __main__ - scrape_ads_from_page:222 - Замінено 'Сьогодні' на '04 квітня 2025 р.' для оголошення 'Здам дуже затишну 2к квартиру Святошинський Героїв Космосу Гната Юри'
2025-04-04 13:48:45,403 [DEBUG] - __main__ - scrape_ads_from_page:222 - Замінено 'Сьогодні' на '04 квітня 2025 р.' для оголошення 'Бальзака, 2к раздельная квартира,  метро Черниговская'
2025-04-04 13:48:45,404 [DEBUG] - __main__ - scrape_ads_from_page:222 - Замінено 'Сьогодні' на '04 квітня 2025 р.' для оголошення 'Сдам 2к м Нивки  ул Мрии  16Д / Туполева /'
2025-04-04 13:48:45,404 [DEBUG] - __main__ - scrape_ads_from_page:222 - Замінено 'Сьогодні' на '04 квітня 2025 р.' для оголошення 'Аренда 2-ком. квартиры в ЖК "Навигатор" Оболонский р-н п.Балтийский 3а'
2025-04-04 13:48:45,405 [DEBUG] - __main__ - scrape_ads_from_page:222 - Замінено 'Сьогодні' на '04 квітня 2025 р.' для оголошення 'Без% оренда 2к квартири Антоновича 44, “Chicago”'
2025-04-04 13:48:45,405 [DEBUG] - __main__ - scrape_ads_from_page:222 - Замінено 'Сьогодні' на '04 квітня 2025 р.' для оголошення 'Аренда просторной квартиры с дизайнерским ремонтом на Печерске | Ж+'
2025-04-04 13:48:45,406 [DEBUG] - __main__ - scrape_ads_from_page:222 - Замінено 'Сьогодні' на '04 квітня 2025 р.' для оголошення 'Реальна квартира Позняки сьогодні перегляд'
2025-04-04 13:48:45,406 [DEBUG] - __main__ - scrape_ads_from_page:222 - Замінено 'Сьогодні' на '04 квітня 2025 р.' для оголошення '2К видовая квартира в новом комплексе-видео есть ПЕРВАЯ сдача'
2025-04-04 13:48:45,409 [DEBUG] - __main__ - scrape_ads_from_page:222 - Замінено 'Сьогодні' на '04 квітня 2025 р.' для оголошення 'Оренда 2 кімнатної квартири по вул. Січових Стрільців, 9В'
2025-04-04 13:48:45,411 [DEBUG] - __main__ - scrape_ads_from_page:222 - Замінено 'Сьогодні' на '04 квітня 2025 р.' для оголошення 'Здам 2к квартиру Шевченківський Мрії 11є Туполєва Щербаківського'
2025-04-04 13:48:45,411 [DEBUG] - __main__ - scrape_ads_from_page:222 - Замінено 'Сьогодні' на '04 квітня 2025 р.' для оголошення 'Аренда квартиры 55м2 Дружбы Народов, 14/16 ЖК Avenue 14-16'
2025-04-04 13:48:45,412 [DEBUG] - __main__ - scrape_ads_from_page:222 - Замінено 'Сьогодні' на '04 квітня 2025 р.' для оголошення 'Оранда 2к квартири в ЖК бізнес класу/Печерськ/м.Палац України/ГЕН/43м2'
2025-04-04 13:48:45,412 [DEBUG] - __main__ - scrape_ads_from_page:222 - Замінено 'Сьогодні' на '04 квітня 2025 р.' для оголошення 'Актуальна квартира Мала Житомирська ЦЕНТР rent apartment Centre торг'
2025-04-04 13:48:45,413 [DEBUG] - __main__ - scrape_ads_from_page:222 - Замінено 'Сьогодні' на '04 квітня 2025 р.' для оголошення 'Оренда 2к квартири ЖК Французький Квартал 2 метро Либідська Центр'
2025-04-04 13:48:45,416 [DEBUG] - __main__ - scrape_ads_from_page:222 - Замінено 'Сьогодні' на '04 квітня 2025 р.' для оголошення 'Оренда 2к квартири Драгомирова 17, «Новопечерські Липки»'
2025-04-04 13:48:45,416 [DEBUG] - __main__ - scrape_ads_from_page:222 - Замінено 'Сьогодні' на '04 квітня 2025 р.' для оголошення 'Оренда 2 кімн. квартири 55м2 в ЖК Новопечерська Вежа, ЦЕНТР, ПЕЧЕРСЬК'
2025-04-04 13:48:45,417 [DEBUG] - __main__ - scrape_ads_from_page:222 - Замінено 'Сьогодні' на '04 квітня 2025 р.' для оголошення 'Оренда Дніпровська набережна 15Ж,ЖК GREAT, Дарницький, Київ'
2025-04-04 13:48:45,417 [DEBUG] - __main__ - scrape_ads_from_page:222 - Замінено 'Сьогодні' на '04 квітня 2025 р.' для оголошення 'Аренда 2 к квартиры 60 м ЖК Новопечерские Липки Верхогляда 17'
2025-04-04 13:48:45,418 [DEBUG] - __main__ - scrape_ads_from_page:222 - Замінено 'Сьогодні' на '04 квітня 2025 р.' для оголошення 'без комісії здам 2 кім кв. пр. Оболонський 6 А жк Оболонь Плаза'
2025-04-04 13:48:45,419 [INFO] - __main__ - scrape_ads_from_page:257 - Знайдено 52 оголошень на сторінці.
2025-04-04 13:48:45,420 [INFO] - __main__ -           delay:69 - Затримка на 9.72 секунд...
2025-04-04 13:48:55,146 [INFO] - __main__ - scrape_ads_from_page:177 - Парсинг сторінки: https://www.olx.ua/uk/nedvizhimost/kvartiry/dolgosrochnaya-arenda-kvartir/kiev/?currency=UAH&search%5Bfilter_float_total_area:to%5D=60&search%5Bfilter_enum_furnish%5D%5B0%5D=yes&search%5Bfilter_enum_number_of_rooms_string%5D%5B0%5D=dvuhkomnatnye&page=3
2025-04-04 13:48:56,535 [INFO] - __main__ -        get_html:79 - Успішно отримано HTML з https://www.olx.ua/uk/nedvizhimost/kvartiry/dolgosrochnaya-arenda-kvartir/kiev/?currency=UAH&search%5Bfilter_float_total_area:to%5D=60&search%5Bfilter_enum_furnish%5D%5B0%5D=yes&search%5Bfilter_enum_number_of_rooms_string%5D%5B0%5D=dvuhkomnatnye&page=3
2025-04-04 13:48:56,671 [DEBUG] - __main__ - scrape_ads_from_page:222 - Замінено 'Сьогодні' на '04 квітня 2025 р.' для оголошення 'Здам 2к по Архіпенка 10А, до метро 10хв.'
2025-04-04 13:48:56,673 [DEBUG] - __main__ - scrape_ads_from_page:222 - Замінено 'Сьогодні' на '04 квітня 2025 р.' для оголошення 'Оренда квартири в ЖК Tetris Hall 2!'
2025-04-04 13:48:56,673 [DEBUG] - __main__ - scrape_ads_from_page:222 - Замінено 'Сьогодні' на '04 квітня 2025 р.' для оголошення 'Здам 2к Оболонь, м.Мінська 7хв пішки. Без комісії'
2025-04-04 13:48:56,675 [DEBUG] - __main__ - scrape_ads_from_page:222 - Замінено 'Сьогодні' на '04 квітня 2025 р.' для оголошення 'Оренда 2 кімнатної квартири площею 50м2 ЖК Новопечерські Липки'
2025-04-04 13:48:56,675 [DEBUG] - __main__ - scrape_ads_from_page:222 - Замінено 'Сьогодні' на '04 квітня 2025 р.' для оголошення 'Сдам 2-кімнатну квартиру м. Чернігівська'
2025-04-04 13:48:56,677 [DEBUG] - __main__ - scrape_ads_from_page:222 - Замінено 'Сьогодні' на '04 квітня 2025 р.' для оголошення 'Оренда квартири ЖК  Uno City House Дорогожичі без комісії'
2025-04-04 13:48:56,677 [DEBUG] - __main__ - scrape_ads_from_page:222 - Замінено 'Сьогодні' на '04 квітня 2025 р.' для оголошення '2к.см. Площа Т. Шевченка, вул. Пуща-Водицька'
2025-04-04 13:48:56,678 [DEBUG] - __main__ - scrape_ads_from_page:222 - Замінено 'Сьогодні' на '04 квітня 2025 р.' для оголошення 'аренда 2 комнатной квартиры 45м2 жк Tetris Hall'
2025-04-04 13:48:56,678 [DEBUG] - __main__ - scrape_ads_from_page:222 - Замінено 'Сьогодні' на '04 квітня 2025 р.' для оголошення 'Здаю 2 кімнатну квартиру, Доброхотова 11а. ВЛАСНИК'
2025-04-04 13:48:56,679 [DEBUG] - __main__ - scrape_ads_from_page:222 - Замінено 'Сьогодні' на '04 квітня 2025 р.' для оголошення '2к, квартира довгостроково'
2025-04-04 13:48:56,680 [DEBUG] - __main__ - scrape_ads_from_page:222 - Замінено 'Сьогодні' на '04 квітня 2025 р.' для оголошення 'Оренда 2к квартири ЖК "Нова Англія"/Голосіївський/м.Васильківська/41м2'
2025-04-04 13:48:56,681 [DEBUG] - __main__ - scrape_ads_from_page:222 - Замінено 'Сьогодні' на '04 квітня 2025 р.' для оголошення 'Здам 2к квартиру Шевченківський Довженка 4а Берестейський м.Шулявська'
2025-04-04 13:48:56,682 [DEBUG] - __main__ - scrape_ads_from_page:222 - Замінено 'Сьогодні' на '04 квітня 2025 р.' для оголошення 'Оренда 2 квартира  Позняки Дарницький'
2025-04-04 13:48:56,685 [DEBUG] - __main__ - scrape_ads_from_page:222 - Замінено 'Сьогодні' на '04 квітня 2025 р.' для оголошення 'Без% Аренда 2к Белорусская.Новый дом.м.Лукьяновка'
2025-04-04 13:48:56,685 [DEBUG] - __main__ - scrape_ads_from_page:222 - Замінено 'Сьогодні' на '04 квітня 2025 р.' для оголошення 'Оренда квартири вул.Ревуцького, метро Харківська.'
2025-04-04 13:48:56,689 [DEBUG] - __main__ - scrape_ads_from_page:222 - Замінено 'Сьогодні' на '04 квітня 2025 р.' для оголошення 'аренда 2 комнатной квартиры 55м2  жк Tetris Hall'
2025-04-04 13:48:56,692 [INFO] - __main__ - scrape_ads_from_page:257 - Знайдено 51 оголошень на сторінці.
2025-04-04 13:48:56,693 [INFO] - __main__ -           delay:69 - Затримка на 8.66 секунд...
2025-04-04 13:49:05,169 [INFO] - __main__ -            main:311 - ===== Запуск парсера OLX =====
2025-04-04 13:49:05,170 [INFO] - __main__ - get_all_olx_urls:124 - Пошук загальної кількості сторінок, починаючи з: https://www.olx.ua/uk/nedvizhimost/kvartiry/dolgosrochnaya-arenda-kvartir/kiev/?currency=UAH&search%5Bfilter_float_total_area:to%5D=60&search%5Bfilter_enum_furnish%5D%5B0%5D=yes&search%5Bfilter_enum_number_of_rooms_string%5D%5B0%5D=dvuhkomnatnye
2025-04-04 13:49:05,368 [INFO] - __main__ - scrape_ads_from_page:177 - Парсинг сторінки: https://www.olx.ua/uk/nedvizhimost/kvartiry/dolgosrochnaya-arenda-kvartir/kiev/?currency=UAH&search%5Bfilter_float_total_area:to%5D=60&search%5Bfilter_enum_furnish%5D%5B0%5D=yes&search%5Bfilter_enum_number_of_rooms_string%5D%5B0%5D=dvuhkomnatnye&page=4
2025-04-04 13:49:06,752 [INFO] - __main__ -        get_html:79 - Успішно отримано HTML з https://www.olx.ua/uk/nedvizhimost/kvartiry/dolgosrochnaya-arenda-kvartir/kiev/?currency=UAH&search%5Bfilter_float_total_area:to%5D=60&search%5Bfilter_enum_furnish%5D%5B0%5D=yes&search%5Bfilter_enum_number_of_rooms_string%5D%5B0%5D=dvuhkomnatnye&page=4
2025-04-04 13:49:06,826 [INFO] - __main__ -        get_html:79 - Успішно отримано HTML з https://www.olx.ua/uk/nedvizhimost/kvartiry/dolgosrochnaya-arenda-kvartir/kiev/?currency=UAH&search%5Bfilter_float_total_area:to%5D=60&search%5Bfilter_enum_furnish%5D%5B0%5D=yes&search%5Bfilter_enum_number_of_rooms_string%5D%5B0%5D=dvuhkomnatnye
2025-04-04 13:49:06,916 [DEBUG] - __main__ - scrape_ads_from_page:222 - Замінено 'Сьогодні' на '04 квітня 2025 р.' для оголошення 'Оренда 2х кімнатної квартири'
2025-04-04 13:49:06,917 [DEBUG] - __main__ - scrape_ads_from_page:222 - Замінено 'Сьогодні' на '04 квітня 2025 р.' для оголошення 'Без % 2-х кім, пр-т Берестейський 7-Б, Цирк, метро Вокзальная'
2025-04-04 13:49:06,919 [DEBUG] - __main__ - scrape_ads_from_page:222 - Замінено 'Сьогодні' на '04 квітня 2025 р.' для оголошення 'Оренда 2к роздільна м Деміївська вул Феодосійська 8 !'
2025-04-04 13:49:06,922 [DEBUG] - __main__ - scrape_ads_from_page:222 - Замінено 'Сьогодні' на '04 квітня 2025 р.' для оголошення 'Оренда 2 квартира  Позняки Дарницький'
2025-04-04 13:49:06,931 [DEBUG] - __main__ - scrape_ads_from_page:222 - Замінено 'Сьогодні' на '04 квітня 2025 р.' для оголошення 'Перша здача‼️Квартира в Престиж хол‼️Дизайнерський ремонт.'
2025-04-04 13:49:06,940 [DEBUG] - __main__ - scrape_ads_from_page:222 - Замінено 'Сьогодні' на '04 квітня 2025 р.' для оголошення 'Оренда 2-кім квартири вул. Калинова'
2025-04-04 13:49:06,941 [DEBUG] - __main__ - scrape_ads_from_page:222 - Замінено 'Сьогодні' на '04 квітня 2025 р.' для оголошення 'Затишна повністю нова 2к Велика Васильківська м Палац Україна 2 хв'
2025-04-04 13:49:06,942 [DEBUG] - __main__ - scrape_ads_from_page:222 - Замінено 'Сьогодні' на '04 квітня 2025 р.' для оголошення 'Сдам 2кімнатну квартиру Антоновича 25, центр'
2025-04-04 13:49:06,943 [DEBUG] - __main__ - scrape_ads_from_page:222 - Замінено 'Сьогодні' на '04 квітня 2025 р.' для оголошення 'Оренда/Аренда 2 к кв вул., Прорізна 6/Шевченківський Центр/Театральна'
2025-04-04 13:49:06,944 [DEBUG] - __main__ - scrape_ads_from_page:222 - Замінено 'Сьогодні' на '04 квітня 2025 р.' для оголошення 'Оренда 2к квартира 52м2, ЖК Новопечерські Липки, вул. Верхогляда, 15А'
2025-04-04 13:49:06,944 [DEBUG] - __main__ - scrape_ads_from_page:222 - Замінено 'Сьогодні' на '04 квітня 2025 р.' для оголошення 'Аренда 2-х ком.квартиры от собственника: Киев ул.Дарвина 4, 6-й этаж'
2025-04-04 13:49:06,946 [INFO] - __main__ - scrape_ads_from_page:257 - Знайдено 52 оголошень на сторінці.
2025-04-04 13:49:06,947 [INFO] - __main__ -           delay:69 - Затримка на 6.71 секунд...
2025-04-04 13:49:06,973 [INFO] - __main__ - get_all_olx_urls:142 - Знайдено номер останньої сторінки: 25
2025-04-04 13:49:06,973 [INFO] - __main__ - get_all_olx_urls:168 - Генерація URL для 25 сторінок...
2025-04-04 13:49:06,973 [INFO] - __main__ - get_all_olx_urls:170 - Успішно згенеровано 25 URL.
2025-04-04 13:49:06,974 [INFO] - __main__ -            main:320 - Буде оброблено 25 сторінок.
2025-04-04 13:49:06,980 [INFO] - __main__ -            main:324 - Знайдено 1069 існуючих посилань у CSV.
2025-04-04 13:49:06,980 [INFO] - __main__ - scrape_ads_from_page:177 - Парсинг сторінки: https://www.olx.ua/uk/nedvizhimost/kvartiry/dolgosrochnaya-arenda-kvartir/kiev/?currency=UAH&search%5Bfilter_float_total_area:to%5D=60&search%5Bfilter_enum_furnish%5D%5B0%5D=yes&search%5Bfilter_enum_number_of_rooms_string%5D%5B0%5D=dvuhkomnatnye
2025-04-04 13:49:09,268 [INFO] - __main__ -        get_html:79 - Успішно отримано HTML з https://www.olx.ua/uk/nedvizhimost/kvartiry/dolgosrochnaya-arenda-kvartir/kiev/?currency=UAH&search%5Bfilter_float_total_area:to%5D=60&search%5Bfilter_enum_furnish%5D%5B0%5D=yes&search%5Bfilter_enum_number_of_rooms_string%5D%5B0%5D=dvuhkomnatnye
2025-04-04 13:49:09,419 [DEBUG] - __main__ - scrape_ads_from_page:222 - Замінено 'Сьогодні' на '04 квітня 2025 р.' для оголошення 'Здам в оренду 2-кім. квартиру на Подолі, адреса: вул. Почайнинська 44.'
2025-04-04 13:49:09,420 [DEBUG] - __main__ - scrape_ads_from_page:222 - Замінено 'Сьогодні' на '04 квітня 2025 р.' для оголошення 'Без% Оренда 2к квартири 50м2 ЖК Chicago вул. Антоновича 44'
2025-04-04 13:49:09,421 [DEBUG] - __main__ - scrape_ads_from_page:222 - Замінено 'Сьогодні' на '04 квітня 2025 р.' для оголошення 'Затишна повністю нова 2к Велика Васильківська м Палац Україна 2 хв'
2025-04-04 13:49:09,421 [DEBUG] - __main__ - scrape_ads_from_page:222 - Замінено 'Сьогодні' на '04 квітня 2025 р.' для оголошення 'Оренда 2к квартири ЖК Севен метро Осокорки Позняки Дарницький'
2025-04-04 13:49:09,423 [DEBUG] - __main__ - scrape_ads_from_page:222 - Замінено 'Сьогодні' на '04 квітня 2025 р.' для оголошення 'Сдам свою 2-ком.кв, на Троещине. Хозяин. Без комиссии!!!'
2025-04-04 13:49:09,423 [DEBUG] - __main__ - scrape_ads_from_page:222 - Замінено 'Сьогодні' на '04 квітня 2025 р.' для оголошення 'Здам дуже затишну 2к квартиру Святошинський Героїв Космосу Гната Юри'
2025-04-04 13:49:09,424 [DEBUG] - __main__ - scrape_ads_from_page:222 - Замінено 'Сьогодні' на '04 квітня 2025 р.' для оголошення 'Оренда 2 квартира  Позняки Дарницький'
2025-04-04 13:49:09,425 [DEBUG] - __main__ - scrape_ads_from_page:222 - Замінено 'Сьогодні' на '04 квітня 2025 р.' для оголошення 'Сдам квартиру власник'
2025-04-04 13:49:09,426 [DEBUG] - __main__ - scrape_ads_from_page:222 - Замінено 'Сьогодні' на '04 квітня 2025 р.' для оголошення 'охайна 2-х кімнатна квартира біля метро Звівринецька'
2025-04-04 13:49:09,426 [DEBUG] - __main__ - scrape_ads_from_page:222 - Замінено 'Сьогодні' на '04 квітня 2025 р.' для оголошення 'Оренда квартири ЖК  Uno City House Дорогожичі без комісії'
2025-04-04 13:49:09,427 [DEBUG] - __main__ - scrape_ads_from_page:222 - Замінено 'Сьогодні' на '04 квітня 2025 р.' для оголошення 'Перша здача‼️Квартира в Престиж хол‼️Дизайнерський ремонт.'
2025-04-04 13:49:09,427 [DEBUG] - __main__ - scrape_ads_from_page:222 - Замінено 'Сьогодні' на '04 квітня 2025 р.' для оголошення '2к квартира Оренда Січових Стрільців Шевченківський Золоті Ворота'
2025-04-04 13:49:09,428 [DEBUG] - __main__ - scrape_ads_from_page:222 - Замінено 'Сьогодні' на '04 квітня 2025 р.' для оголошення 'Пропонується  2 к. квартира на Нивках.'
2025-04-04 13:49:09,429 [DEBUG] - __main__ - scrape_ads_from_page:222 - Замінено 'Сьогодні' на '04 квітня 2025 р.' для оголошення 'Здам світлу 2-х кімнатну квартиру в ЖК 4 Сезона'
2025-04-04 13:49:09,429 [DEBUG] - __main__ - scrape_ads_from_page:222 - Замінено 'Сьогодні' на '04 квітня 2025 р.' для оголошення '2х кімн. Вул.Василенка 13. 7700грн. На півроку.'
2025-04-04 13:49:09,430 [DEBUG] - __main__ - scrape_ads_from_page:222 - Замінено 'Сьогодні' на '04 квітня 2025 р.' для оголошення 'Оренда 3-к. квартири Печерськ'
2025-04-04 13:49:09,433 [DEBUG] - __main__ - scrape_ads_from_page:222 - Замінено 'Сьогодні' на '04 квітня 2025 р.' для оголошення '14999 2-а+ паркомісце + комунальні в ціні м. Нивки Ціну знижено!'
2025-04-04 13:49:09,434 [DEBUG] - __main__ - scrape_ads_from_page:222 - Замінено 'Сьогодні' на '04 квітня 2025 р.' для оголошення 'Аренда 2К квартиры ул Севастопольская Дарницкий р-н'
2025-04-04 13:49:09,434 [DEBUG] - __main__ - scrape_ads_from_page:222 - Замінено 'Сьогодні' на '04 квітня 2025 р.' для оголошення 'Здам затишну 2к  квартиру Святошин Героїв Космосу Жмеринська'
2025-04-04 13:49:09,434 [DEBUG] - __main__ - scrape_ads_from_page:222 - Замінено 'Сьогодні' на '04 квітня 2025 р.' для оголошення 'Оренда 2х кімнатноії квартири від власника (Троєщина) вул. Радунська'
2025-04-04 13:49:09,435 [DEBUG] - __main__ - scrape_ads_from_page:222 - Замінено 'Сьогодні' на '04 квітня 2025 р.' для оголошення 'Здам 2к квартиру Шевченківський Довженка 4а Берестейський м.Шулявська'
2025-04-04 13:49:09,435 [DEBUG] - __main__ - scrape_ads_from_page:222 - Замінено 'Сьогодні' на '04 квітня 2025 р.' для оголошення 'Без комиссии. Квартира в ЖК бизнес класса, рядом с метро Палац Украина'
2025-04-04 13:49:09,436 [DEBUG] - __main__ - scrape_ads_from_page:222 - Замінено 'Сьогодні' на '04 квітня 2025 р.' для оголошення 'ЖК "Central Park" видовий апартамент з ексклюзивним дизайном'
2025-04-04 13:49:09,437 [DEBUG] - __main__ - scrape_ads_from_page:222 - Замінено 'Сьогодні' на '04 квітня 2025 р.' для оголошення 'Оренда стильної євродвушки, ЖК А52, Січових Стрільців, 44А, 6 поверх'
2025-04-04 13:49:09,437 [DEBUG] - __main__ - scrape_ads_from_page:222 - Замінено 'Сьогодні' на '04 квітня 2025 р.' для оголошення 'Охматдет, метро КПИ, своя, 2комн.'
2025-04-04 13:49:09,438 [DEBUG] - __main__ - scrape_ads_from_page:222 - Замінено 'Сьогодні' на '04 квітня 2025 р.' для оголошення 'Сдам 2 комнатная квартира ул.Петра Сагайдачного 16Б м.Почтовая площадь'
2025-04-04 13:49:09,439 [DEBUG] - __main__ - scrape_ads_from_page:222 - Замінено 'Сьогодні' на '04 квітня 2025 р.' для оголошення 'Оренда 2 кімнатної квартири Олександра Кониського (ТЦ Україна)'
2025-04-04 13:49:09,439 [DEBUG] - __main__ - scrape_ads_from_page:222 - Замінено 'Сьогодні' на '04 квітня 2025 р.' для оголошення 'Оренда квартири 55 м, Юніт Хоум. Unit Home'
2025-04-04 13:49:09,440 [DEBUG] - __main__ - scrape_ads_from_page:222 - Замінено 'Сьогодні' на '04 квітня 2025 р.' для оголошення '25% комісія здам 2 кім. кв. вул. Печенізька 4 ,Татарка'
2025-04-04 13:49:09,441 [INFO] - __main__ - scrape_ads_from_page:257 - Знайдено 50 оголошень на сторінці.
2025-04-04 13:49:09,442 [INFO] - __main__ -           delay:69 - Затримка на 5.60 секунд...
2025-04-04 13:49:13,663 [INFO] - __main__ - scrape_ads_from_page:177 - Парсинг сторінки: https://www.olx.ua/uk/nedvizhimost/kvartiry/dolgosrochnaya-arenda-kvartir/kiev/?currency=UAH&search%5Bfilter_float_total_area:to%5D=60&search%5Bfilter_enum_furnish%5D%5B0%5D=yes&search%5Bfilter_enum_number_of_rooms_string%5D%5B0%5D=dvuhkomnatnye&page=5
2025-04-04 13:49:15,053 [INFO] - __main__ - scrape_ads_from_page:177 - Парсинг сторінки: https://www.olx.ua/uk/nedvizhimost/kvartiry/dolgosrochnaya-arenda-kvartir/kiev/?currency=UAH&search%5Bfilter_float_total_area:to%5D=60&search%5Bfilter_enum_furnish%5D%5B0%5D=yes&search%5Bfilter_enum_number_of_rooms_string%5D%5B0%5D=dvuhkomnatnye&page=2
2025-04-04 13:49:15,594 [INFO] - __main__ -        get_html:79 - Успішно отримано HTML з https://www.olx.ua/uk/nedvizhimost/kvartiry/dolgosrochnaya-arenda-kvartir/kiev/?currency=UAH&search%5Bfilter_float_total_area:to%5D=60&search%5Bfilter_enum_furnish%5D%5B0%5D=yes&search%5Bfilter_enum_number_of_rooms_string%5D%5B0%5D=dvuhkomnatnye&page=5
2025-04-04 13:49:15,735 [DEBUG] - __main__ - scrape_ads_from_page:222 - Замінено 'Сьогодні' на '04 квітня 2025 р.' для оголошення 'Довготривала оренда 2к квартири на вул. Тираспольська 54'
2025-04-04 13:49:15,736 [DEBUG] - __main__ - scrape_ads_from_page:222 - Замінено 'Сьогодні' на '04 квітня 2025 р.' для оголошення 'Довготривала оренда 2к квартири на вул. Будівельників 25'
2025-04-04 13:49:15,737 [DEBUG] - __main__ - scrape_ads_from_page:222 - Замінено 'Сьогодні' на '04 квітня 2025 р.' для оголошення 'Оренда 2-к квартири на вул. Захарівська'
2025-04-04 13:49:15,738 [DEBUG] - __main__ - scrape_ads_from_page:222 - Замінено 'Сьогодні' на '04 квітня 2025 р.' для оголошення 'Здам 2х  кімнатну квартиру троєщина'
2025-04-04 13:49:15,738 [DEBUG] - __main__ - scrape_ads_from_page:222 - Замінено 'Сьогодні' на '04 квітня 2025 р.' для оголошення 'Здам 2к.кв. на Печерську, ст.м.Зіринецька (Дружби Народів)!'
2025-04-04 13:49:15,739 [DEBUG] - __main__ - scrape_ads_from_page:222 - Замінено 'Сьогодні' на '04 квітня 2025 р.' для оголошення 'Жк.Бульвар фонтанів'
2025-04-04 13:49:15,743 [DEBUG] - __main__ - scrape_ads_from_page:222 - Замінено 'Сьогодні' на '04 квітня 2025 р.' для оголошення 'Оренда 2 кімнатної квартири Олександра Кониського (ТЦ Україна)'
2025-04-04 13:49:15,751 [DEBUG] - __main__ - scrape_ads_from_page:222 - Замінено 'Сьогодні' на '04 квітня 2025 р.' для оголошення 'Аренда 2 кімнат. квартири . Ревуцького,21'
2025-04-04 13:49:15,763 [DEBUG] - __main__ - scrape_ads_from_page:222 - Замінено 'Сьогодні' на '04 квітня 2025 р.' для оголошення 'Здається 2Х-Кімнатна проспект Відрадний'
2025-04-04 13:49:15,764 [DEBUG] - __main__ - scrape_ads_from_page:222 - Замінено 'Сьогодні' на '04 квітня 2025 р.' для оголошення 'Власник. Оренда 2 кім квартира. метро Осокорки'
2025-04-04 13:49:15,765 [DEBUG] - __main__ - scrape_ads_from_page:222 - Замінено 'Сьогодні' на '04 квітня 2025 р.' для оголошення 'Здається 2-кім. квартира вул.Берлінського, 25 А метро Дорогожицька'
2025-04-04 13:49:15,766 [INFO] - __main__ - scrape_ads_from_page:257 - Знайдено 52 оголошень на сторінці.
2025-04-04 13:49:15,767 [INFO] - __main__ -           delay:69 - Затримка на 9.30 секунд...
2025-04-04 13:49:16,626 [INFO] - __main__ -        get_html:79 - Успішно отримано HTML з https://www.olx.ua/uk/nedvizhimost/kvartiry/dolgosrochnaya-arenda-kvartir/kiev/?currency=UAH&search%5Bfilter_float_total_area:to%5D=60&search%5Bfilter_enum_furnish%5D%5B0%5D=yes&search%5Bfilter_enum_number_of_rooms_string%5D%5B0%5D=dvuhkomnatnye&page=2
2025-04-04 13:49:16,757 [DEBUG] - __main__ - scrape_ads_from_page:222 - Замінено 'Сьогодні' на '04 квітня 2025 р.' для оголошення 'Оренда 2-кім, вул . Гарматна 33/1 метро Шулявська'
2025-04-04 13:49:16,758 [DEBUG] - __main__ - scrape_ads_from_page:222 - Замінено 'Сьогодні' на '04 квітня 2025 р.' для оголошення 'Оренда 2-к квартири на вул. Лятошинського 2'
2025-04-04 13:49:16,759 [DEBUG] - __main__ - scrape_ads_from_page:222 - Замінено 'Сьогодні' на '04 квітня 2025 р.' для оголошення 'Здам в оренду 2-кім. квартиру на Подолі, адреса: вул. Почайнинська 44.'
2025-04-04 13:49:16,759 [DEBUG] - __main__ - scrape_ads_from_page:222 - Замінено 'Сьогодні' на '04 квітня 2025 р.' для оголошення 'Аренда квартиры, ЖК Французький квартал 2, Предславинская'
2025-04-04 13:49:16,760 [DEBUG] - __main__ - scrape_ads_from_page:222 - Замінено 'Сьогодні' на '04 квітня 2025 р.' для оголошення 'Оренда 2-кім квартири вул. Калинова'
2025-04-04 13:49:16,761 [DEBUG] - __main__ - scrape_ads_from_page:222 - Замінено 'Сьогодні' на '04 квітня 2025 р.' для оголошення 'Здам 2кім вул. Метробудівська 7 м. Берестейська 15-20хв м КПІ'
2025-04-04 13:49:16,761 [DEBUG] - __main__ - scrape_ads_from_page:222 - Замінено 'Сьогодні' на '04 квітня 2025 р.' для оголошення 'Здаю двокімнатну квартиру в м. Київ вул Кубанської України'
2025-04-04 13:49:16,766 [DEBUG] - __main__ - scrape_ads_from_page:222 - Замінено 'Сьогодні' на '04 квітня 2025 р.' для оголошення 'Бальзака, 2к раздельная квартира,  метро Черниговская'
2025-04-04 13:49:16,766 [DEBUG] - __main__ - scrape_ads_from_page:222 - Замінено 'Сьогодні' на '04 квітня 2025 р.' для оголошення 'Сдам 2к м Нивки  ул Мрии  16Д / Туполева /'
2025-04-04 13:49:16,767 [DEBUG] - __main__ - scrape_ads_from_page:222 - Замінено 'Сьогодні' на '04 квітня 2025 р.' для оголошення 'Аренда 2-ком. квартиры в ЖК "Навигатор" Оболонский р-н п.Балтийский 3а'
2025-04-04 13:49:16,768 [DEBUG] - __main__ - scrape_ads_from_page:222 - Замінено 'Сьогодні' на '04 квітня 2025 р.' для оголошення 'Без% оренда 2к квартири Антоновича 44, “Chicago”'
2025-04-04 13:49:16,769 [DEBUG] - __main__ - scrape_ads_from_page:222 - Замінено 'Сьогодні' на '04 квітня 2025 р.' для оголошення 'Аренда просторной квартиры с дизайнерским ремонтом на Печерске | Ж+'
2025-04-04 13:49:16,770 [DEBUG] - __main__ - scrape_ads_from_page:222 - Замінено 'Сьогодні' на '04 квітня 2025 р.' для оголошення 'Реальна квартира Позняки сьогодні перегляд'
2025-04-04 13:49:16,770 [DEBUG] - __main__ - scrape_ads_from_page:222 - Замінено 'Сьогодні' на '04 квітня 2025 р.' для оголошення '2К видовая квартира в новом комплексе-видео есть ПЕРВАЯ сдача'
2025-04-04 13:49:16,772 [DEBUG] - __main__ - scrape_ads_from_page:222 - Замінено 'Сьогодні' на '04 квітня 2025 р.' для оголошення 'Здам 2к по Архіпенка 10А, до метро 10хв.'
2025-04-04 13:49:16,773 [DEBUG] - __main__ - scrape_ads_from_page:222 - Замінено 'Сьогодні' на '04 квітня 2025 р.' для оголошення 'Здам дуже затишну 2к квартиру Святошинський Героїв Космосу Гната Юри'
2025-04-04 13:49:16,774 [DEBUG] - __main__ - scrape_ads_from_page:222 - Замінено 'Сьогодні' на '04 квітня 2025 р.' для оголошення 'Оренда 2 кімнатної квартири по вул. Січових Стрільців, 9В'
2025-04-04 13:49:16,775 [DEBUG] - __main__ - scrape_ads_from_page:222 - Замінено 'Сьогодні' на '04 квітня 2025 р.' для оголошення 'Здам 2к квартиру Шевченківський Мрії 11є Туполєва Щербаківського'
2025-04-04 13:49:16,776 [DEBUG] - __main__ - scrape_ads_from_page:222 - Замінено 'Сьогодні' на '04 квітня 2025 р.' для оголошення 'Аренда квартиры 55м2 Дружбы Народов, 14/16 ЖК Avenue 14-16'
2025-04-04 13:49:16,777 [DEBUG] - __main__ - scrape_ads_from_page:222 - Замінено 'Сьогодні' на '04 квітня 2025 р.' для оголошення 'Оранда 2к квартири в ЖК бізнес класу/Печерськ/м.Палац України/ГЕН/43м2'
2025-04-04 13:49:16,777 [DEBUG] - __main__ - scrape_ads_from_page:222 - Замінено 'Сьогодні' на '04 квітня 2025 р.' для оголошення 'Актуальна квартира Мала Житомирська ЦЕНТР rent apartment Centre торг'
2025-04-04 13:49:16,779 [DEBUG] - __main__ - scrape_ads_from_page:222 - Замінено 'Сьогодні' на '04 квітня 2025 р.' для оголошення 'ЖК "Central Park" видовий апартамент з ексклюзивним дизайном'
2025-04-04 13:49:16,779 [DEBUG] - __main__ - scrape_ads_from_page:222 - Замінено 'Сьогодні' на '04 квітня 2025 р.' для оголошення 'Оренда 2к квартири ЖК Французький Квартал 2 метро Либідська Центр'
2025-04-04 13:49:16,780 [DEBUG] - __main__ - scrape_ads_from_page:222 - Замінено 'Сьогодні' на '04 квітня 2025 р.' для оголошення 'Оренда 2к квартири Драгомирова 17, «Новопечерські Липки»'
2025-04-04 13:49:16,781 [DEBUG] - __main__ - scrape_ads_from_page:222 - Замінено 'Сьогодні' на '04 квітня 2025 р.' для оголошення 'Оренда 2 кімн. квартири 55м2 в ЖК Новопечерська Вежа, ЦЕНТР, ПЕЧЕРСЬК'
2025-04-04 13:49:16,781 [DEBUG] - __main__ - scrape_ads_from_page:222 - Замінено 'Сьогодні' на '04 квітня 2025 р.' для оголошення 'Оренда Дніпровська набережна 15Ж,ЖК GREAT, Дарницький, Київ'
2025-04-04 13:49:16,783 [DEBUG] - __main__ - scrape_ads_from_page:222 - Замінено 'Сьогодні' на '04 квітня 2025 р.' для оголошення 'без комісії здам 2 кім кв. пр. Оболонський 6 А жк Оболонь Плаза'
2025-04-04 13:49:16,784 [INFO] - __main__ - scrape_ads_from_page:257 - Знайдено 52 оголошень на сторінці.
2025-04-04 13:49:16,785 [INFO] - __main__ -           delay:69 - Затримка на 5.84 секунд...
2025-04-04 13:49:25,079 [INFO] - __main__ - scrape_ads_from_page:177 - Парсинг сторінки: https://www.olx.ua/uk/nedvizhimost/kvartiry/dolgosrochnaya-arenda-kvartir/kiev/?currency=UAH&search%5Bfilter_float_total_area:to%5D=60&search%5Bfilter_enum_furnish%5D%5B0%5D=yes&search%5Bfilter_enum_number_of_rooms_string%5D%5B0%5D=dvuhkomnatnye&page=6
2025-04-04 13:49:27,799 [INFO] - __main__ -        get_html:79 - Успішно отримано HTML з https://www.olx.ua/uk/nedvizhimost/kvartiry/dolgosrochnaya-arenda-kvartir/kiev/?currency=UAH&search%5Bfilter_float_total_area:to%5D=60&search%5Bfilter_enum_furnish%5D%5B0%5D=yes&search%5Bfilter_enum_number_of_rooms_string%5D%5B0%5D=dvuhkomnatnye&page=6
2025-04-04 13:49:27,911 [DEBUG] - __main__ - scrape_ads_from_page:222 - Замінено 'Сьогодні' на '04 квітня 2025 р.' для оголошення 'Без% Оренда 2к квартири 50м2 ЖК Chicago вул. Антоновича 44'
2025-04-04 13:49:27,914 [DEBUG] - __main__ - scrape_ads_from_page:222 - Замінено 'Сьогодні' на '04 квітня 2025 р.' для оголошення 'Печерский р-н, ул. Фёдорова, 1. Аренда 2-х комнатной в кирпичном доме.'
2025-04-04 13:49:27,915 [DEBUG] - __main__ - scrape_ads_from_page:222 - Замінено 'Сьогодні' на '04 квітня 2025 р.' для оголошення 'Здається в оренду 1 ком.кв Новопечерські липки вул.Андрія Верхогляда16'
2025-04-04 13:49:27,921 [DEBUG] - __main__ - scrape_ads_from_page:222 - Замінено 'Сьогодні' на '04 квітня 2025 р.' для оголошення '25% комісія здам 2 кім. кв. вул. Печенізька 4 ,Татарка'
2025-04-04 13:49:27,928 [DEBUG] - __main__ - scrape_ads_from_page:222 - Замінено 'Сьогодні' на '04 квітня 2025 р.' для оголошення 'Оренда 2 кімнатної квартири Олександра Кониського (ТЦ Україна)'
2025-04-04 13:49:27,935 [DEBUG] - __main__ - scrape_ads_from_page:222 - Замінено 'Сьогодні' на '04 квітня 2025 р.' для оголошення 'Аренда 2 кімнат. квартири . Ревуцького,21'
2025-04-04 13:49:27,943 [DEBUG] - __main__ - scrape_ads_from_page:222 - Замінено 'Сьогодні' на '04 квітня 2025 р.' для оголошення 'Сдам 2-ком квартиру Троещина, Маяковского, Закревского'
2025-04-04 13:49:27,944 [INFO] - __main__ - scrape_ads_from_page:257 - Знайдено 52 оголошень на сторінці.
2025-04-04 13:49:27,946 [INFO] - __main__ -           delay:69 - Затримка на 6.88 секунд...
2025-04-04 13:49:34,834 [INFO] - __main__ - scrape_ads_from_page:177 - Парсинг сторінки: https://www.olx.ua/uk/nedvizhimost/kvartiry/dolgosrochnaya-arenda-kvartir/kiev/?currency=UAH&search%5Bfilter_float_total_area:to%5D=60&search%5Bfilter_enum_furnish%5D%5B0%5D=yes&search%5Bfilter_enum_number_of_rooms_string%5D%5B0%5D=dvuhkomnatnye&page=7
2025-04-04 13:49:36,834 [INFO] - __main__ -        get_html:79 - Успішно отримано HTML з https://www.olx.ua/uk/nedvizhimost/kvartiry/dolgosrochnaya-arenda-kvartir/kiev/?currency=UAH&search%5Bfilter_float_total_area:to%5D=60&search%5Bfilter_enum_furnish%5D%5B0%5D=yes&search%5Bfilter_enum_number_of_rooms_string%5D%5B0%5D=dvuhkomnatnye&page=7
2025-04-04 13:49:37,049 [DEBUG] - __main__ - scrape_ads_from_page:222 - Замінено 'Сьогодні' на '04 квітня 2025 р.' для оголошення 'Оренда світлої та стильної євродвушки в ЖК Dibrova Park'
2025-04-04 13:49:37,050 [DEBUG] - __main__ - scrape_ads_from_page:222 - Замінено 'Сьогодні' на '04 квітня 2025 р.' для оголошення 'Здається 2-кімнатна квартира на вул. Велика Васильківська, 94.'
2025-04-04 13:49:37,080 [DEBUG] - __main__ - scrape_ads_from_page:222 - Замінено 'Сьогодні' на '04 квітня 2025 р.' для оголошення 'Здам 2кім вул. Метробудівська 7 м. Берестейська 15-20хв м КПІ'
2025-04-04 13:49:37,081 [DEBUG] - __main__ - scrape_ads_from_page:222 - Замінено 'Сьогодні' на '04 квітня 2025 р.' для оголошення 'Аренда 2 кімнат. квартири . Ревуцького,21'
2025-04-04 13:49:37,089 [INFO] - __main__ - scrape_ads_from_page:257 - Знайдено 52 оголошень на сторінці.
2025-04-04 13:49:37,091 [INFO] - __main__ -           delay:69 - Затримка на 7.65 секунд...
2025-04-04 13:49:44,760 [INFO] - __main__ - scrape_ads_from_page:177 - Парсинг сторінки: https://www.olx.ua/uk/nedvizhimost/kvartiry/dolgosrochnaya-arenda-kvartir/kiev/?currency=UAH&search%5Bfilter_float_total_area:to%5D=60&search%5Bfilter_enum_furnish%5D%5B0%5D=yes&search%5Bfilter_enum_number_of_rooms_string%5D%5B0%5D=dvuhkomnatnye&page=8
2025-04-04 13:49:46,585 [INFO] - __main__ -        get_html:79 - Успішно отримано HTML з https://www.olx.ua/uk/nedvizhimost/kvartiry/dolgosrochnaya-arenda-kvartir/kiev/?currency=UAH&search%5Bfilter_float_total_area:to%5D=60&search%5Bfilter_enum_furnish%5D%5B0%5D=yes&search%5Bfilter_enum_number_of_rooms_string%5D%5B0%5D=dvuhkomnatnye&page=8
2025-04-04 13:49:47,065 [DEBUG] - __main__ - scrape_ads_from_page:222 - Замінено 'Сьогодні' на '04 квітня 2025 р.' для оголошення 'Здам 2к по Архіпенка 10А, до метро 10хв.'
2025-04-04 13:49:47,066 [DEBUG] - __main__ - scrape_ads_from_page:222 - Замінено 'Сьогодні' на '04 квітня 2025 р.' для оголошення 'Оренда 2 кімнатної квартири Олександра Кониського (ТЦ Україна)'
2025-04-04 13:49:47,066 [DEBUG] - __main__ - scrape_ads_from_page:222 - Замінено 'Сьогодні' на '04 квітня 2025 р.' для оголошення 'Оренда квартири по вул.Гузара Любомира (Космонавта Комарова), 14а.'
2025-04-04 13:49:47,076 [DEBUG] - __main__ - scrape_ads_from_page:222 - Замінено 'Сьогодні' на '04 квітня 2025 р.' для оголошення 'Здам 2кім вул. Метробудівська 7 м. Берестейська 15-20хв м КПІ'
2025-04-04 13:49:47,086 [DEBUG] - __main__ - scrape_ads_from_page:222 - Замінено 'Сьогодні' на '04 квітня 2025 р.' для оголошення 'Оренда квартири ЖК  Uno City House Дорогожичі без комісії'
2025-04-04 13:49:47,091 [DEBUG] - __main__ - scrape_ads_from_page:222 - Замінено 'Сьогодні' на '04 квітня 2025 р.' для оголошення 'Аренда 2к квартиры, ЖК Chicago Central House, Олимпийская'
2025-04-04 13:49:47,092 [DEBUG] - __main__ - scrape_ads_from_page:222 - Замінено 'Сьогодні' на '04 квітня 2025 р.' для оголошення 'Оренда квартири в ЖК "Французький квартал 2", Печерск'
2025-04-04 13:49:47,093 [INFO] - __main__ - scrape_ads_from_page:257 - Знайдено 52 оголошень на сторінці.
2025-04-04 13:49:47,094 [INFO] - __main__ -           delay:69 - Затримка на 9.51 секунд...
2025-04-04 13:49:56,615 [INFO] - __main__ - scrape_ads_from_page:177 - Парсинг сторінки: https://www.olx.ua/uk/nedvizhimost/kvartiry/dolgosrochnaya-arenda-kvartir/kiev/?currency=UAH&search%5Bfilter_float_total_area:to%5D=60&search%5Bfilter_enum_furnish%5D%5B0%5D=yes&search%5Bfilter_enum_number_of_rooms_string%5D%5B0%5D=dvuhkomnatnye&page=9
2025-04-04 13:49:59,531 [INFO] - __main__ -        get_html:79 - Успішно отримано HTML з https://www.olx.ua/uk/nedvizhimost/kvartiry/dolgosrochnaya-arenda-kvartir/kiev/?currency=UAH&search%5Bfilter_float_total_area:to%5D=60&search%5Bfilter_enum_furnish%5D%5B0%5D=yes&search%5Bfilter_enum_number_of_rooms_string%5D%5B0%5D=dvuhkomnatnye&page=9
2025-04-04 13:49:59,697 [DEBUG] - __main__ - scrape_ads_from_page:222 - Замінено 'Сьогодні' на '04 квітня 2025 р.' для оголошення 'Оренда 2к квартири в ЖК Старт, Шолуденка, метро Лук'янівська'
2025-04-04 13:49:59,698 [DEBUG] - __main__ - scrape_ads_from_page:222 - Замінено 'Сьогодні' на '04 квітня 2025 р.' для оголошення 'Оренда 2к квартири, Новопечерські Липки, Драгомирова, 5, Звіринецька'
2025-04-04 13:49:59,702 [DEBUG] - __main__ - scrape_ads_from_page:222 - Замінено 'Сьогодні' на '04 квітня 2025 р.' для оголошення 'Аренда 2 кв 58 м Ул. Княжий затон 14. Метро Осокорки 7 мин ходьбы'
2025-04-04 13:49:59,713 [DEBUG] - __main__ - scrape_ads_from_page:222 - Замінено 'Сьогодні' на '04 квітня 2025 р.' для оголошення 'Оренда 3-к. квартири Печерськ'
2025-04-04 13:49:59,722 [DEBUG] - __main__ - scrape_ads_from_page:222 - Замінено 'Сьогодні' на '04 квітня 2025 р.' для оголошення 'Здам 2кім вул. Метробудівська 7 м. Берестейська 15-20хв м КПІ'
2025-04-04 13:49:59,725 [DEBUG] - __main__ - scrape_ads_from_page:222 - Замінено 'Сьогодні' на '04 квітня 2025 р.' для оголошення 'Аренда 2к квартиры, Демеевская 14, метро демеевская, ЖК Soho residence'
2025-04-04 13:49:59,728 [INFO] - __main__ - scrape_ads_from_page:257 - Знайдено 51 оголошень на сторінці.
2025-04-04 13:49:59,729 [INFO] - __main__ -           delay:69 - Затримка на 6.93 секунд...
2025-04-04 13:50:06,677 [INFO] - __main__ - scrape_ads_from_page:177 - Парсинг сторінки: https://www.olx.ua/uk/nedvizhimost/kvartiry/dolgosrochnaya-arenda-kvartir/kiev/?currency=UAH&search%5Bfilter_float_total_area:to%5D=60&search%5Bfilter_enum_furnish%5D%5B0%5D=yes&search%5Bfilter_enum_number_of_rooms_string%5D%5B0%5D=dvuhkomnatnye&page=10
2025-04-04 13:50:08,277 [INFO] - __main__ -        get_html:79 - Успішно отримано HTML з https://www.olx.ua/uk/nedvizhimost/kvartiry/dolgosrochnaya-arenda-kvartir/kiev/?currency=UAH&search%5Bfilter_float_total_area:to%5D=60&search%5Bfilter_enum_furnish%5D%5B0%5D=yes&search%5Bfilter_enum_number_of_rooms_string%5D%5B0%5D=dvuhkomnatnye&page=10
2025-04-04 13:50:08,464 [DEBUG] - __main__ - scrape_ads_from_page:222 - Замінено 'Сьогодні' на '04 квітня 2025 р.' для оголошення '2-к. кв. на вул. Михайла Донця 18 Відрадний'
2025-04-04 13:50:08,471 [DEBUG] - __main__ - scrape_ads_from_page:222 - Замінено 'Сьогодні' на '04 квітня 2025 р.' для оголошення 'Без комиссии. Квартира в ЖК бизнес класса, рядом с метро Палац Украина'
2025-04-04 13:50:08,483 [DEBUG] - __main__ - scrape_ads_from_page:222 - Замінено 'Сьогодні' на '04 квітня 2025 р.' для оголошення 'Здаю двокімнатну квартиру в м. Київ вул Кубанської України'
2025-04-04 13:50:08,501 [INFO] - __main__ - scrape_ads_from_page:257 - Знайдено 52 оголошень на сторінці.
2025-04-04 13:50:08,502 [INFO] - __main__ -           delay:69 - Затримка на 6.80 секунд...
2025-04-04 13:50:15,315 [INFO] - __main__ - scrape_ads_from_page:177 - Парсинг сторінки: https://www.olx.ua/uk/nedvizhimost/kvartiry/dolgosrochnaya-arenda-kvartir/kiev/?currency=UAH&search%5Bfilter_float_total_area:to%5D=60&search%5Bfilter_enum_furnish%5D%5B0%5D=yes&search%5Bfilter_enum_number_of_rooms_string%5D%5B0%5D=dvuhkomnatnye&page=11
2025-04-04 13:50:16,967 [INFO] - __main__ -        get_html:79 - Успішно отримано HTML з https://www.olx.ua/uk/nedvizhimost/kvartiry/dolgosrochnaya-arenda-kvartir/kiev/?currency=UAH&search%5Bfilter_float_total_area:to%5D=60&search%5Bfilter_enum_furnish%5D%5B0%5D=yes&search%5Bfilter_enum_number_of_rooms_string%5D%5B0%5D=dvuhkomnatnye&page=11
2025-04-04 13:50:17,117 [DEBUG] - __main__ - scrape_ads_from_page:222 - Замінено 'Сьогодні' на '04 квітня 2025 р.' для оголошення 'без комісії здам 2 кім кв. пр. Оболонський 6 А жк Оболонь Плаза'
2025-04-04 13:50:17,140 [INFO] - __main__ - scrape_ads_from_page:257 - Знайдено 52 оголошень на сторінці.
2025-04-04 13:50:17,141 [INFO] - __main__ -           delay:69 - Затримка на 6.20 секунд...
2025-04-04 13:50:23,341 [INFO] - __main__ - scrape_ads_from_page:177 - Парсинг сторінки: https://www.olx.ua/uk/nedvizhimost/kvartiry/dolgosrochnaya-arenda-kvartir/kiev/?currency=UAH&search%5Bfilter_float_total_area:to%5D=60&search%5Bfilter_enum_furnish%5D%5B0%5D=yes&search%5Bfilter_enum_number_of_rooms_string%5D%5B0%5D=dvuhkomnatnye&page=12
2025-04-04 13:50:24,885 [INFO] - __main__ -        get_html:79 - Успішно отримано HTML з https://www.olx.ua/uk/nedvizhimost/kvartiry/dolgosrochnaya-arenda-kvartir/kiev/?currency=UAH&search%5Bfilter_float_total_area:to%5D=60&search%5Bfilter_enum_furnish%5D%5B0%5D=yes&search%5Bfilter_enum_number_of_rooms_string%5D%5B0%5D=dvuhkomnatnye&page=12
2025-04-04 13:50:25,011 [DEBUG] - __main__ - scrape_ads_from_page:222 - Замінено 'Сьогодні' на '04 квітня 2025 р.' для оголошення 'Здаю 2 кімнатну квартиру, Доброхотова 11а. ВЛАСНИК'
2025-04-04 13:50:25,020 [DEBUG] - __main__ - scrape_ads_from_page:222 - Замінено 'Сьогодні' на '04 квітня 2025 р.' для оголошення 'Здаю двокімнатну квартиру в м. Київ вул Кубанської України'
2025-04-04 13:50:25,042 [INFO] - __main__ - scrape_ads_from_page:257 - Знайдено 52 оголошень на сторінці.
2025-04-04 13:50:25,043 [INFO] - __main__ -           delay:69 - Затримка на 6.78 секунд...
2025-04-04 13:50:31,831 [INFO] - __main__ - scrape_ads_from_page:177 - Парсинг сторінки: https://www.olx.ua/uk/nedvizhimost/kvartiry/dolgosrochnaya-arenda-kvartir/kiev/?currency=UAH&search%5Bfilter_float_total_area:to%5D=60&search%5Bfilter_enum_furnish%5D%5B0%5D=yes&search%5Bfilter_enum_number_of_rooms_string%5D%5B0%5D=dvuhkomnatnye&page=13
2025-04-04 13:50:34,035 [INFO] - __main__ -        get_html:79 - Успішно отримано HTML з https://www.olx.ua/uk/nedvizhimost/kvartiry/dolgosrochnaya-arenda-kvartir/kiev/?currency=UAH&search%5Bfilter_float_total_area:to%5D=60&search%5Bfilter_enum_furnish%5D%5B0%5D=yes&search%5Bfilter_enum_number_of_rooms_string%5D%5B0%5D=dvuhkomnatnye&page=13
2025-04-04 13:50:34,173 [DEBUG] - __main__ - scrape_ads_from_page:222 - Замінено 'Сьогодні' на '04 квітня 2025 р.' для оголошення 'Сдам 2-кімнатну квартиру м. Чернігівська'
2025-04-04 13:50:34,190 [DEBUG] - __main__ - scrape_ads_from_page:222 - Замінено 'Сьогодні' на '04 квітня 2025 р.' для оголошення 'Перша здача‼️Квартира в Престиж хол‼️Дизайнерський ремонт.'
2025-04-04 13:50:34,196 [INFO] - __main__ - scrape_ads_from_page:257 - Знайдено 52 оголошень на сторінці.
2025-04-04 13:50:34,197 [INFO] - __main__ -           delay:69 - Затримка на 8.89 секунд...
2025-04-04 13:50:43,097 [INFO] - __main__ - scrape_ads_from_page:177 - Парсинг сторінки: https://www.olx.ua/uk/nedvizhimost/kvartiry/dolgosrochnaya-arenda-kvartir/kiev/?currency=UAH&search%5Bfilter_float_total_area:to%5D=60&search%5Bfilter_enum_furnish%5D%5B0%5D=yes&search%5Bfilter_enum_number_of_rooms_string%5D%5B0%5D=dvuhkomnatnye&page=14
2025-04-04 13:50:45,168 [INFO] - __main__ -        get_html:79 - Успішно отримано HTML з https://www.olx.ua/uk/nedvizhimost/kvartiry/dolgosrochnaya-arenda-kvartir/kiev/?currency=UAH&search%5Bfilter_float_total_area:to%5D=60&search%5Bfilter_enum_furnish%5D%5B0%5D=yes&search%5Bfilter_enum_number_of_rooms_string%5D%5B0%5D=dvuhkomnatnye&page=14
2025-04-04 13:50:45,389 [DEBUG] - __main__ - scrape_ads_from_page:222 - Замінено 'Сьогодні' на '04 квітня 2025 р.' для оголошення 'Затишна повністю нова 2к Велика Васильківська м Палац Україна 2 хв'
2025-04-04 13:50:45,390 [DEBUG] - __main__ - scrape_ads_from_page:222 - Замінено 'Сьогодні' на '04 квітня 2025 р.' для оголошення 'Оренда 2 к. на Митрополита Василя Липківського 17 (Урицького)'
2025-04-04 13:50:45,395 [DEBUG] - __main__ - scrape_ads_from_page:222 - Замінено 'Сьогодні' на '04 квітня 2025 р.' для оголошення 'Оренда квартири ЖК  Uno City House Дорогожичі без комісії'
2025-04-04 13:50:45,405 [DEBUG] - __main__ - scrape_ads_from_page:222 - Замінено 'Сьогодні' на '04 квітня 2025 р.' для оголошення 'Без комиссии. Квартира в ЖК бизнес класса, рядом с метро Палац Украина'
2025-04-04 13:50:45,409 [INFO] - __main__ - scrape_ads_from_page:257 - Знайдено 52 оголошень на сторінці.
2025-04-04 13:50:45,410 [INFO] - __main__ -           delay:69 - Затримка на 8.32 секунд...
2025-04-04 13:50:53,736 [INFO] - __main__ - scrape_ads_from_page:177 - Парсинг сторінки: https://www.olx.ua/uk/nedvizhimost/kvartiry/dolgosrochnaya-arenda-kvartir/kiev/?currency=UAH&search%5Bfilter_float_total_area:to%5D=60&search%5Bfilter_enum_furnish%5D%5B0%5D=yes&search%5Bfilter_enum_number_of_rooms_string%5D%5B0%5D=dvuhkomnatnye&page=15
2025-04-04 13:50:55,883 [INFO] - __main__ -        get_html:79 - Успішно отримано HTML з https://www.olx.ua/uk/nedvizhimost/kvartiry/dolgosrochnaya-arenda-kvartir/kiev/?currency=UAH&search%5Bfilter_float_total_area:to%5D=60&search%5Bfilter_enum_furnish%5D%5B0%5D=yes&search%5Bfilter_enum_number_of_rooms_string%5D%5B0%5D=dvuhkomnatnye&page=15
2025-04-04 13:50:55,994 [DEBUG] - __main__ - scrape_ads_from_page:222 - Замінено 'Сьогодні' на '04 квітня 2025 р.' для оголошення 'Оренда квартири 55 м, Юніт Хоум. Unit Home'
2025-04-04 13:50:55,995 [DEBUG] - __main__ - scrape_ads_from_page:222 - Замінено 'Сьогодні' на '04 квітня 2025 р.' для оголошення 'ЗДАМ WоW КВАРТИРУ В ОРЕНДУ / ЖК Старт / 38м2 / 3пов / 2-кім'
2025-04-04 13:50:56,005 [DEBUG] - __main__ - scrape_ads_from_page:222 - Замінено 'Сьогодні' на '04 квітня 2025 р.' для оголошення 'Сдам свою 2-ком.кв, на Троещине. Хозяин. Без комиссии!!!'
2025-04-04 13:50:56,010 [DEBUG] - __main__ - scrape_ads_from_page:222 - Замінено 'Сьогодні' на '04 квітня 2025 р.' для оголошення 'Оренда квартири ЖК  Uno City House Дорогожичі без комісії'
2025-04-04 13:50:56,011 [DEBUG] - __main__ - scrape_ads_from_page:222 - Замінено 'Сьогодні' на '04 квітня 2025 р.' для оголошення 'Реальна квартира Позняки сьогодні перегляд'
2025-04-04 13:50:56,014 [DEBUG] - __main__ - scrape_ads_from_page:222 - Замінено 'Сьогодні' на '04 квітня 2025 р.' для оголошення 'Оренда квартири в ЖК Новопечерська вежа'
2025-04-04 13:50:56,015 [INFO] - __main__ - scrape_ads_from_page:257 - Знайдено 52 оголошень на сторінці.
2025-04-04 13:50:56,016 [INFO] - __main__ -           delay:69 - Затримка на 9.61 секунд...
2025-04-04 13:51:05,630 [INFO] - __main__ - scrape_ads_from_page:177 - Парсинг сторінки: https://www.olx.ua/uk/nedvizhimost/kvartiry/dolgosrochnaya-arenda-kvartir/kiev/?currency=UAH&search%5Bfilter_float_total_area:to%5D=60&search%5Bfilter_enum_furnish%5D%5B0%5D=yes&search%5Bfilter_enum_number_of_rooms_string%5D%5B0%5D=dvuhkomnatnye&page=16
2025-04-04 13:51:07,606 [INFO] - __main__ -        get_html:79 - Успішно отримано HTML з https://www.olx.ua/uk/nedvizhimost/kvartiry/dolgosrochnaya-arenda-kvartir/kiev/?currency=UAH&search%5Bfilter_float_total_area:to%5D=60&search%5Bfilter_enum_furnish%5D%5B0%5D=yes&search%5Bfilter_enum_number_of_rooms_string%5D%5B0%5D=dvuhkomnatnye&page=16
2025-04-04 13:51:07,734 [DEBUG] - __main__ - scrape_ads_from_page:222 - Замінено 'Сьогодні' на '04 квітня 2025 р.' для оголошення 'Оренда квартири жк Теракота перша здача метро Вирлиця Бориспільська'
2025-04-04 13:51:07,738 [DEBUG] - __main__ - scrape_ads_from_page:222 - Замінено 'Сьогодні' на '04 квітня 2025 р.' для оголошення 'Без комиссии. Квартира в ЖК бизнес класса, рядом с метро Палац Украина'
2025-04-04 13:51:07,743 [DEBUG] - __main__ - scrape_ads_from_page:222 - Замінено 'Сьогодні' на '04 квітня 2025 р.' для оголошення 'Оренда стильної євродвушки, ЖК А52, Січових Стрільців, 44А, 6 поверх'
2025-04-04 13:51:07,749 [DEBUG] - __main__ - scrape_ads_from_page:222 - Замінено 'Сьогодні' на '04 квітня 2025 р.' для оголошення 'Здам затишну 2к  квартиру Святошин Героїв Космосу Жмеринська'
2025-04-04 13:51:07,753 [DEBUG] - __main__ - scrape_ads_from_page:222 - Замінено 'Сьогодні' на '04 квітня 2025 р.' для оголошення 'Перша здача Проспект Повітряних сил 56 ОКЛЕНД Оренда 2к квартири'
2025-04-04 13:51:07,754 [DEBUG] - __main__ - scrape_ads_from_page:222 - Замінено 'Сьогодні' на '04 квітня 2025 р.' для оголошення 'Оренда 2к роздільна м Харківська вул Харківське шосе 174 Б !'
2025-04-04 13:51:07,754 [INFO] - __main__ - scrape_ads_from_page:257 - Знайдено 52 оголошень на сторінці.
2025-04-04 13:51:07,755 [INFO] - __main__ -           delay:69 - Затримка на 8.56 секунд...
2025-04-04 13:51:16,322 [INFO] - __main__ - scrape_ads_from_page:177 - Парсинг сторінки: https://www.olx.ua/uk/nedvizhimost/kvartiry/dolgosrochnaya-arenda-kvartir/kiev/?currency=UAH&search%5Bfilter_float_total_area:to%5D=60&search%5Bfilter_enum_furnish%5D%5B0%5D=yes&search%5Bfilter_enum_number_of_rooms_string%5D%5B0%5D=dvuhkomnatnye&page=17
2025-04-04 13:51:18,267 [INFO] - __main__ -        get_html:79 - Успішно отримано HTML з https://www.olx.ua/uk/nedvizhimost/kvartiry/dolgosrochnaya-arenda-kvartir/kiev/?currency=UAH&search%5Bfilter_float_total_area:to%5D=60&search%5Bfilter_enum_furnish%5D%5B0%5D=yes&search%5Bfilter_enum_number_of_rooms_string%5D%5B0%5D=dvuhkomnatnye&page=17
2025-04-04 13:51:18,434 [DEBUG] - __main__ - scrape_ads_from_page:222 - Замінено 'Сьогодні' на '04 квітня 2025 р.' для оголошення 'без комісії здам 2 кім кв. пр. Оболонський 6 А жк Оболонь Плаза'
2025-04-04 13:51:18,444 [DEBUG] - __main__ - scrape_ads_from_page:222 - Замінено 'Сьогодні' на '04 квітня 2025 р.' для оголошення 'Власник. Оренда 2 кім квартира. метро Осокорки'
2025-04-04 13:51:18,446 [DEBUG] - __main__ - scrape_ads_from_page:222 - Замінено 'Сьогодні' на '04 квітня 2025 р.' для оголошення 'Сдам 2-кімнатну квартиру м. Чернігівська'
2025-04-04 13:51:18,454 [DEBUG] - __main__ - scrape_ads_from_page:222 - Замінено 'Сьогодні' на '04 квітня 2025 р.' для оголошення 'Без комиссии. Квартира в ЖК бизнес класса, рядом с метро Палац Украина'
2025-04-04 13:51:18,461 [INFO] - __main__ - scrape_ads_from_page:257 - Знайдено 52 оголошень на сторінці.
2025-04-04 13:51:18,462 [INFO] - __main__ -           delay:69 - Затримка на 8.38 секунд...
2025-04-04 13:51:26,846 [INFO] - __main__ - scrape_ads_from_page:177 - Парсинг сторінки: https://www.olx.ua/uk/nedvizhimost/kvartiry/dolgosrochnaya-arenda-kvartir/kiev/?currency=UAH&search%5Bfilter_float_total_area:to%5D=60&search%5Bfilter_enum_furnish%5D%5B0%5D=yes&search%5Bfilter_enum_number_of_rooms_string%5D%5B0%5D=dvuhkomnatnye&page=18
2025-04-04 13:51:28,322 [INFO] - __main__ -        get_html:79 - Успішно отримано HTML з https://www.olx.ua/uk/nedvizhimost/kvartiry/dolgosrochnaya-arenda-kvartir/kiev/?currency=UAH&search%5Bfilter_float_total_area:to%5D=60&search%5Bfilter_enum_furnish%5D%5B0%5D=yes&search%5Bfilter_enum_number_of_rooms_string%5D%5B0%5D=dvuhkomnatnye&page=18
2025-04-04 13:51:28,486 [DEBUG] - __main__ - scrape_ads_from_page:222 - Замінено 'Сьогодні' на '04 квітня 2025 р.' для оголошення 'Сдам квартиру власник'
2025-04-04 13:51:28,488 [DEBUG] - __main__ - scrape_ads_from_page:222 - Замінено 'Сьогодні' на '04 квітня 2025 р.' для оголошення 'Сдам 2-кімнатну квартиру м. Чернігівська'
2025-04-04 13:51:28,496 [DEBUG] - __main__ - scrape_ads_from_page:222 - Замінено 'Сьогодні' на '04 квітня 2025 р.' для оголошення 'Без% Оренда 2к квартири 50м2 ЖК Chicago вул. Антоновича 44'
2025-04-04 13:51:28,513 [DEBUG] - __main__ - scrape_ads_from_page:222 - Замінено 'Сьогодні' на '04 квітня 2025 р.' для оголошення 'Оренда квартири 55 м, Юніт Хоум. Unit Home'
2025-04-04 13:51:28,514 [DEBUG] - __main__ - scrape_ads_from_page:222 - Замінено 'Сьогодні' на '04 квітня 2025 р.' для оголошення 'Здам 2к по Архіпенка 10А, до метро 10хв.'
2025-04-04 13:51:28,521 [INFO] - __main__ - scrape_ads_from_page:257 - Знайдено 52 оголошень на сторінці.
2025-04-04 13:51:28,522 [INFO] - __main__ -           delay:69 - Затримка на 7.25 секунд...
2025-04-04 13:51:35,785 [INFO] - __main__ - scrape_ads_from_page:177 - Парсинг сторінки: https://www.olx.ua/uk/nedvizhimost/kvartiry/dolgosrochnaya-arenda-kvartir/kiev/?currency=UAH&search%5Bfilter_float_total_area:to%5D=60&search%5Bfilter_enum_furnish%5D%5B0%5D=yes&search%5Bfilter_enum_number_of_rooms_string%5D%5B0%5D=dvuhkomnatnye&page=19
2025-04-04 13:51:37,415 [INFO] - __main__ -        get_html:79 - Успішно отримано HTML з https://www.olx.ua/uk/nedvizhimost/kvartiry/dolgosrochnaya-arenda-kvartir/kiev/?currency=UAH&search%5Bfilter_float_total_area:to%5D=60&search%5Bfilter_enum_furnish%5D%5B0%5D=yes&search%5Bfilter_enum_number_of_rooms_string%5D%5B0%5D=dvuhkomnatnye&page=19
2025-04-04 13:51:37,572 [DEBUG] - __main__ - scrape_ads_from_page:222 - Замінено 'Сьогодні' на '04 квітня 2025 р.' для оголошення 'Оренда 2х кімнатноії квартири від власника (Троєщина) вул. Радунська'
2025-04-04 13:51:37,585 [DEBUG] - __main__ - scrape_ads_from_page:222 - Замінено 'Сьогодні' на '04 квітня 2025 р.' для оголошення 'Здам 2к квартиру Шевченківський Мрії 11є Туполєва Щербаківського'
2025-04-04 13:51:37,592 [DEBUG] - __main__ - scrape_ads_from_page:222 - Замінено 'Сьогодні' на '04 квітня 2025 р.' для оголошення 'Оренда 3-к. квартири Печерськ'
2025-04-04 13:51:37,593 [DEBUG] - __main__ - scrape_ads_from_page:222 - Замінено 'Сьогодні' на '04 квітня 2025 р.' для оголошення 'Оренда квартири ЖК  Uno City House Дорогожичі без комісії'
2025-04-04 13:51:37,598 [INFO] - __main__ - scrape_ads_from_page:257 - Знайдено 51 оголошень на сторінці.
2025-04-04 13:51:37,599 [INFO] - __main__ -           delay:69 - Затримка на 8.48 секунд...
2025-04-04 13:51:46,086 [INFO] - __main__ - scrape_ads_from_page:177 - Парсинг сторінки: https://www.olx.ua/uk/nedvizhimost/kvartiry/dolgosrochnaya-arenda-kvartir/kiev/?currency=UAH&search%5Bfilter_float_total_area:to%5D=60&search%5Bfilter_enum_furnish%5D%5B0%5D=yes&search%5Bfilter_enum_number_of_rooms_string%5D%5B0%5D=dvuhkomnatnye&page=20
2025-04-04 13:51:48,561 [INFO] - __main__ -        get_html:79 - Успішно отримано HTML з https://www.olx.ua/uk/nedvizhimost/kvartiry/dolgosrochnaya-arenda-kvartir/kiev/?currency=UAH&search%5Bfilter_float_total_area:to%5D=60&search%5Bfilter_enum_furnish%5D%5B0%5D=yes&search%5Bfilter_enum_number_of_rooms_string%5D%5B0%5D=dvuhkomnatnye&page=20
2025-04-04 13:51:48,847 [DEBUG] - __main__ - scrape_ads_from_page:222 - Замінено 'Сьогодні' на '04 квітня 2025 р.' для оголошення 'Охматдет, метро КПИ, своя, 2комн.'
2025-04-04 13:51:48,872 [DEBUG] - __main__ - scrape_ads_from_page:222 - Замінено 'Сьогодні' на '04 квітня 2025 р.' для оголошення 'Затишна повністю нова 2к Велика Васильківська м Палац Україна 2 хв'
2025-04-04 13:51:48,881 [INFO] - __main__ - scrape_ads_from_page:257 - Знайдено 52 оголошень на сторінці.
2025-04-04 13:51:48,882 [INFO] - __main__ -           delay:69 - Затримка на 5.81 секунд...
2025-04-04 13:51:54,695 [INFO] - __main__ - scrape_ads_from_page:177 - Парсинг сторінки: https://www.olx.ua/uk/nedvizhimost/kvartiry/dolgosrochnaya-arenda-kvartir/kiev/?currency=UAH&search%5Bfilter_float_total_area:to%5D=60&search%5Bfilter_enum_furnish%5D%5B0%5D=yes&search%5Bfilter_enum_number_of_rooms_string%5D%5B0%5D=dvuhkomnatnye&page=21
2025-04-04 13:51:57,749 [INFO] - __main__ -        get_html:79 - Успішно отримано HTML з https://www.olx.ua/uk/nedvizhimost/kvartiry/dolgosrochnaya-arenda-kvartir/kiev/?currency=UAH&search%5Bfilter_float_total_area:to%5D=60&search%5Bfilter_enum_furnish%5D%5B0%5D=yes&search%5Bfilter_enum_number_of_rooms_string%5D%5B0%5D=dvuhkomnatnye&page=21
2025-04-04 13:51:57,873 [DEBUG] - __main__ - scrape_ads_from_page:222 - Замінено 'Сьогодні' на '04 квітня 2025 р.' для оголошення 'Оренда 2х кімнатноії квартири від власника (Троєщина) вул. Радунська'
2025-04-04 13:51:57,875 [DEBUG] - __main__ - scrape_ads_from_page:222 - Замінено 'Сьогодні' на '04 квітня 2025 р.' для оголошення 'Сдам 2 комнатная квартира ул.Петра Сагайдачного 16Б м.Почтовая площадь'
2025-04-04 13:51:57,890 [DEBUG] - __main__ - scrape_ads_from_page:222 - Замінено 'Сьогодні' на '04 квітня 2025 р.' для оголошення 'Аренда 2-ком. квартиры в ЖК "Навигатор" Оболонский р-н п.Балтийский 3а'
2025-04-04 13:51:57,897 [DEBUG] - __main__ - scrape_ads_from_page:222 - Замінено 'Сьогодні' на '04 квітня 2025 р.' для оголошення 'Оренда квартири ЖК  Uno City House Дорогожичі без комісії'
2025-04-04 13:51:57,904 [INFO] - __main__ - scrape_ads_from_page:257 - Знайдено 52 оголошень на сторінці.
2025-04-04 13:51:57,906 [INFO] - __main__ -           delay:69 - Затримка на 8.12 секунд...
2025-04-04 13:52:06,032 [INFO] - __main__ - scrape_ads_from_page:177 - Парсинг сторінки: https://www.olx.ua/uk/nedvizhimost/kvartiry/dolgosrochnaya-arenda-kvartir/kiev/?currency=UAH&search%5Bfilter_float_total_area:to%5D=60&search%5Bfilter_enum_furnish%5D%5B0%5D=yes&search%5Bfilter_enum_number_of_rooms_string%5D%5B0%5D=dvuhkomnatnye&page=22
2025-04-04 13:52:08,053 [INFO] - __main__ -        get_html:79 - Успішно отримано HTML з https://www.olx.ua/uk/nedvizhimost/kvartiry/dolgosrochnaya-arenda-kvartir/kiev/?currency=UAH&search%5Bfilter_float_total_area:to%5D=60&search%5Bfilter_enum_furnish%5D%5B0%5D=yes&search%5Bfilter_enum_number_of_rooms_string%5D%5B0%5D=dvuhkomnatnye&page=22
2025-04-04 13:52:08,167 [DEBUG] - __main__ - scrape_ads_from_page:222 - Замінено 'Сьогодні' на '04 квітня 2025 р.' для оголошення 'Сдам квартиру власник'
2025-04-04 13:52:08,183 [DEBUG] - __main__ - scrape_ads_from_page:222 - Замінено 'Сьогодні' на '04 квітня 2025 р.' для оголошення 'Здам 2к квартиру Шевченківський Довженка 4а Берестейський м.Шулявська'
2025-04-04 13:52:08,187 [INFO] - __main__ - scrape_ads_from_page:257 - Знайдено 52 оголошень на сторінці.
2025-04-04 13:52:08,188 [INFO] - __main__ -           delay:69 - Затримка на 6.45 секунд...
2025-04-04 13:52:14,642 [INFO] - __main__ - scrape_ads_from_page:177 - Парсинг сторінки: https://www.olx.ua/uk/nedvizhimost/kvartiry/dolgosrochnaya-arenda-kvartir/kiev/?currency=UAH&search%5Bfilter_float_total_area:to%5D=60&search%5Bfilter_enum_furnish%5D%5B0%5D=yes&search%5Bfilter_enum_number_of_rooms_string%5D%5B0%5D=dvuhkomnatnye&page=23
2025-04-04 13:52:16,559 [INFO] - __main__ -        get_html:79 - Успішно отримано HTML з https://www.olx.ua/uk/nedvizhimost/kvartiry/dolgosrochnaya-arenda-kvartir/kiev/?currency=UAH&search%5Bfilter_float_total_area:to%5D=60&search%5Bfilter_enum_furnish%5D%5B0%5D=yes&search%5Bfilter_enum_number_of_rooms_string%5D%5B0%5D=dvuhkomnatnye&page=23
2025-04-04 13:52:16,716 [DEBUG] - __main__ - scrape_ads_from_page:222 - Замінено 'Сьогодні' на '04 квітня 2025 р.' для оголошення 'Оренда 2х кімнатноії квартири від власника (Троєщина) вул. Радунська'
2025-04-04 13:52:16,717 [DEBUG] - __main__ - scrape_ads_from_page:222 - Замінено 'Сьогодні' на '04 квітня 2025 р.' для оголошення 'Сдам 2-кімнатну квартиру м. Чернігівська'
2025-04-04 13:52:16,724 [DEBUG] - __main__ - scrape_ads_from_page:222 - Замінено 'Сьогодні' на '04 квітня 2025 р.' для оголошення 'Здам 2к по Архіпенка 10А, до метро 10хв.'
2025-04-04 13:52:16,733 [INFO] - __main__ - scrape_ads_from_page:257 - Знайдено 52 оголошень на сторінці.
2025-04-04 13:52:16,734 [INFO] - __main__ -           delay:69 - Затримка на 7.99 секунд...
2025-04-04 13:52:24,734 [INFO] - __main__ - scrape_ads_from_page:177 - Парсинг сторінки: https://www.olx.ua/uk/nedvizhimost/kvartiry/dolgosrochnaya-arenda-kvartir/kiev/?currency=UAH&search%5Bfilter_float_total_area:to%5D=60&search%5Bfilter_enum_furnish%5D%5B0%5D=yes&search%5Bfilter_enum_number_of_rooms_string%5D%5B0%5D=dvuhkomnatnye&page=24
2025-04-04 13:52:27,378 [INFO] - __main__ -        get_html:79 - Успішно отримано HTML з https://www.olx.ua/uk/nedvizhimost/kvartiry/dolgosrochnaya-arenda-kvartir/kiev/?currency=UAH&search%5Bfilter_float_total_area:to%5D=60&search%5Bfilter_enum_furnish%5D%5B0%5D=yes&search%5Bfilter_enum_number_of_rooms_string%5D%5B0%5D=dvuhkomnatnye&page=24
2025-04-04 13:52:27,522 [DEBUG] - __main__ - scrape_ads_from_page:222 - Замінено 'Сьогодні' на '04 квітня 2025 р.' для оголошення 'Здаю двокімнатну квартиру в м. Київ вул Кубанської України'
2025-04-04 13:52:27,532 [DEBUG] - __main__ - scrape_ads_from_page:222 - Замінено 'Сьогодні' на '04 квітня 2025 р.' для оголошення 'Оренда 2 кімнатної квартири по вул. Січових Стрільців, 9В'
2025-04-04 13:52:27,533 [DEBUG] - __main__ - scrape_ads_from_page:222 - Замінено 'Сьогодні' на '04 квітня 2025 р.' для оголошення '14999 2-а+ паркомісце + комунальні в ціні м. Нивки Ціну знижено!'
2025-04-04 13:52:27,540 [DEBUG] - __main__ - scrape_ads_from_page:222 - Замінено 'Сьогодні' на '04 квітня 2025 р.' для оголошення 'Здам 2к квартиру Шевченківський Довженка 4а Берестейський м.Шулявська'
2025-04-04 13:52:27,549 [INFO] - __main__ - scrape_ads_from_page:257 - Знайдено 52 оголошень на сторінці.
2025-04-04 13:52:27,550 [INFO] - __main__ -           delay:69 - Затримка на 6.82 секунд...
2025-04-04 13:52:34,380 [INFO] - __main__ - scrape_ads_from_page:177 - Парсинг сторінки: https://www.olx.ua/uk/nedvizhimost/kvartiry/dolgosrochnaya-arenda-kvartir/kiev/?currency=UAH&search%5Bfilter_float_total_area:to%5D=60&search%5Bfilter_enum_furnish%5D%5B0%5D=yes&search%5Bfilter_enum_number_of_rooms_string%5D%5B0%5D=dvuhkomnatnye&page=25
2025-04-04 13:52:36,632 [INFO] - __main__ -        get_html:79 - Успішно отримано HTML з https://www.olx.ua/uk/nedvizhimost/kvartiry/dolgosrochnaya-arenda-kvartir/kiev/?currency=UAH&search%5Bfilter_float_total_area:to%5D=60&search%5Bfilter_enum_furnish%5D%5B0%5D=yes&search%5Bfilter_enum_number_of_rooms_string%5D%5B0%5D=dvuhkomnatnye&page=25
2025-04-04 13:52:36,764 [DEBUG] - __main__ - scrape_ads_from_page:222 - Замінено 'Сьогодні' на '04 квітня 2025 р.' для оголошення 'Без% Оренда 2к квартири 50м2 ЖК Chicago вул. Антоновича 44'
2025-04-04 13:52:36,779 [DEBUG] - __main__ - scrape_ads_from_page:222 - Замінено 'Сьогодні' на '04 квітня 2025 р.' для оголошення 'Здам 2к квартиру Шевченківський Мрії 11є Туполєва Щербаківського'
2025-04-04 13:52:36,784 [INFO] - __main__ - scrape_ads_from_page:257 - Знайдено 52 оголошень на сторінці.
2025-04-04 13:52:36,786 [INFO] - __main__ -            main:334 - Всього зібрано 1295 оголошень зі всіх сторінок.
2025-04-04 13:52:36,804 [INFO] - __main__ -            main:347 - Знайдено 3 нових оголошень.
2025-04-04 13:52:36,817 [INFO] - __main__ - save_new_ads_to_csv:300 - Успішно додано 3 нових оголошень до csv\all_ad.csv
2025-04-04 13:52:36,817 [INFO] - __main__ -            main:352 - Відправка 3 нових оголошень в Telegram...
2025-04-04 13:52:36,990 [INFO] - __main__ - send_telegram_message_oleksandr:61 - Повідомлення успішно відправлено в Telegram.
2025-04-04 13:52:37,133 [INFO] - __main__ - send_telegram_message_oleksandr:61 - Повідомлення успішно відправлено в Telegram.
2025-04-04 13:52:38,301 [INFO] - __main__ - send_telegram_message_oleksandr:61 - Повідомлення успішно відправлено в Telegram.
2025-04-04 13:52:39,435 [INFO] - __main__ - send_telegram_message_oleksandr:61 - Повідомлення успішно відправлено в Telegram.
2025-04-04 13:52:40,447 [INFO] - __main__ -            main:366 - 📨 Нові оголошення відправлено.
2025-04-04 13:52:40,448 [INFO] - __main__ -            main:371 - ===== Парсер OLX завершив роботу =====
2025-04-04 14:12:44,906 [INFO] - __main__ -            main:137 - Веб-сервер запущено на порту 8080
2025-04-04 14:12:44,907 [INFO] - __main__ -      on_startup:67 - Бот запускається...
2025-04-04 14:12:45,098 [INFO] - __main__ -      on_startup:74 - Вебхук вже встановлено.
2025-04-04 14:12:45,098 [INFO] - __main__ -      on_startup:88 - Заплановано надсилання щоденного повідомлення до чату 1185615987 об 13:30.
2025-04-04 14:12:45,100 [INFO] - __main__ -      on_startup:91 - Планувальник завдань запущено.
2025-04-04 14:15:56,789 [INFO] - __main__ -        <module>:156 - Бот зупинено.
